-------------------------------------------------------------------------------
Test set: testrunner.TestRunner
-------------------------------------------------------------------------------
Tests run: 2, Failures: 1, Errors: 0, Skipped: 0, Time elapsed: 24.20 s <<< FAILURE! -- in testrunner.TestRunner
Login Data Driven.Login Data Driven #2 -- Time elapsed: 8.101 s <<< FAILURE!
java.lang.AssertionError
	at org.junit.Assert.fail(Assert.java:87)
	at org.junit.Assert.assertTrue(Assert.java:42)
	at org.junit.Assert.assertTrue(Assert.java:53)
	at stepDef.steps.user_navigates_to_my_account_page(steps.java:105)
	at âœ½.User navigates to MyAccount Page(file:///C:/Users/NileshW2/WSseleniumJava_April23/MyJuneProject/./Features/LoginDDT.feature:10)

